<?xml version="1.0" encoding="UTF-8"?>
<testsuites>
  <testsuite name="CalculatorTest" file="/home/vidya/code/phpsample/tests/calculator_test.php" tests="4" assertions="4" failures="0" errors="0" time="0.002713">
    <testcase name="testAdd" class="CalculatorTest" file="/home/vidya/code/phpsample/tests/calculator_test.php" line="8" assertions="1" time="0.002347"/>
    <testcase name="testSubtract" class="CalculatorTest" file="/home/vidya/code/phpsample/tests/calculator_test.php" line="17" assertions="1" time="0.000127"/>
    <testcase name="testMultiply" class="CalculatorTest" file="/home/vidya/code/phpsample/tests/calculator_test.php" line="26" assertions="1" time="0.000122"/>
    <testcase name="testDivide" class="CalculatorTest" file="/home/vidya/code/phpsample/tests/calculator_test.php" line="35" assertions="1" time="0.000117"/>
  </testsuite>
</testsuites>
